aliyun/snap_crop/build/intermediates/manifest_merge_blame_file/release/manifest-merger-blame-release-report.txt
1<?xml version="1.0" encoding="utf-8"?>
2<manifest xmlns:android="http://schemas.android.com/apk/res/android"
3    xmlns:tools="http://schemas.android.com/tools"
4    package="com.aliyun.svideo.snap.crop" >
5
6    <uses-sdk
7        android:minSdkVersion="21"
7-->src/main/AndroidManifest.xml
8        android:targetSdkVersion="27" />
8-->src/main/AndroidManifest.xml
9
10    <application>
10-->src/main/AndroidManifest.xml:5:5-21:19
11        <activity
11-->src/main/AndroidManifest.xml:6:9-10:20
12            android:name="com.aliyun.svideo.snap.crop.SnapMediaActivity"
12-->src/main/AndroidManifest.xml:6:19-52
13            android:screenOrientation="portrait"
13-->src/main/AndroidManifest.xml:9:13-49
14            android:theme="@style/AliyunVideoUIStytle"
14-->src/main/AndroidManifest.xml:7:13-55
15            tools:replace="android:theme" >
15-->src/main/AndroidManifest.xml:8:13-42
16        </activity>
17        <activity
17-->src/main/AndroidManifest.xml:11:9-15:20
18            android:name="com.aliyun.svideo.snap.crop.AliyunVideoCropActivity"
18-->src/main/AndroidManifest.xml:11:19-58
19            android:screenOrientation="portrait"
19-->src/main/AndroidManifest.xml:14:13-49
20            android:theme="@style/AliyunVideoUIStytle"
20-->src/main/AndroidManifest.xml:12:13-55
21            tools:replace="android:theme" >
21-->src/main/AndroidManifest.xml:13:13-42
22        </activity>
23        <activity
23-->src/main/AndroidManifest.xml:16:9-20:20
24            android:name="com.aliyun.svideo.snap.crop.AliyunImageCropActivity"
24-->src/main/AndroidManifest.xml:16:19-58
25            android:screenOrientation="portrait"
25-->src/main/AndroidManifest.xml:19:19-55
26            android:theme="@style/AliyunVideoUIStytle"
26-->src/main/AndroidManifest.xml:17:19-61
27            tools:replace="android:theme" >
27-->src/main/AndroidManifest.xml:18:19-48
28        </activity>
29    </application>
30
31</manifest>